2026-03-24 12:44:31,206 - logger_setup - INFO - Logging initialized - Level: INFO
2026-03-24 12:44:31,207 - logger_setup - INFO - Log file: D:\Projects\SIMBA-RUNBOOKS\JPMRGDPF_Runbook\logs\20260324_124431\jpmrgdpf_20260324_124431.log
2026-03-24 12:44:31,207 - __main__ - INFO - ==================================================
2026-03-24 12:44:31,208 - __main__ - INFO - STEP 1: Loading input data
2026-03-24 12:44:31,208 - __main__ - INFO - ==================================================
2026-03-24 12:44:31,209 - data_loader - INFO - Found 1 input file(s) in D:\Projects\SIMBA-RUNBOOKS\JPMRGDPF_Runbook\Input
2026-03-24 12:44:31,210 - data_loader - INFO - Loading file: Global Outlook Summary (15).xlsx
2026-03-24 12:44:31,241 - data_loader - INFO - Available sheets: ['Global Outlook Summary', 'Sheet2']
2026-03-24 12:44:31,241 - data_loader - INFO - Found exact match: "Global Outlook Summary"
2026-03-24 12:44:31,263 - data_loader - INFO - Read 57 rows x 19 cols from sheet
2026-03-24 12:44:31,263 - data_loader - INFO - Loaded "Global Outlook Summary" from Global Outlook Summary (15).xlsx (57 rows x 19 cols)
2026-03-24 12:44:31,264 - __main__ - INFO - ==================================================
2026-03-24 12:44:31,264 - __main__ - INFO - STEP 2: Parsing data
2026-03-24 12:44:31,264 - __main__ - INFO - ==================================================
2026-03-24 12:44:31,265 - parser - INFO - Parsing data from Global Outlook Summary (15).xlsx
2026-03-24 12:44:31,266 - parser - INFO - Found section header "Real GDP % over year ago" at row 3, col 3
2026-03-24 12:44:31,266 - parser - INFO - Detected 3 year columns: 2025, 2026, 2027
2026-03-24 12:44:31,267 - parser - INFO - Found "Area" label at row 4, col 0
2026-03-24 12:44:31,267 - parser - INFO - Data starts at row 6 (first entry: "United States")
2026-03-24 12:44:31,268 - parser - INFO - Extracted data for 35 countries across 3 years
2026-03-24 12:44:31,271 - parser - INFO - Built DataFrame: 3 rows x 36 cols
2026-03-24 12:44:31,272 - __main__ - INFO - ==================================================
2026-03-24 12:44:31,272 - __main__ - INFO - STEP 3: Comparing with master
2026-03-24 12:44:31,272 - __main__ - INFO - ==================================================
2026-03-24 12:44:31,273 - parser - INFO - Loading master data from D:\Projects\SIMBA-RUNBOOKS\JPMRGDPF_Runbook\Master Data\Master_JPMRGDPF_DATA.xlsx
2026-03-24 12:44:31,316 - parser - INFO - Loaded 3 rows from master data
2026-03-24 12:44:31,333 - __main__ - INFO - Updated years: [2026, 2027]
2026-03-24 12:44:31,333 - __main__ - INFO - ==================================================
2026-03-24 12:44:31,334 - __main__ - INFO - STEP 4: Generating output files
2026-03-24 12:44:31,334 - __main__ - INFO - ==================================================
2026-03-24 12:44:31,345 - parser - INFO - Merged data has 3 rows
2026-03-24 12:44:31,345 - file_generator - INFO - Generating output files
2026-03-24 12:44:31,350 - file_generator - INFO - Creating DATA file: D:\Projects\SIMBA-RUNBOOKS\JPMRGDPF_Runbook\output\20260324_124431\JPMRGDPF_DATA_20260324_124431.xlsx
2026-03-24 12:44:31,392 - file_generator - INFO - DATA file created: 3 rows, 35 columns
2026-03-24 12:44:31,392 - file_generator - INFO - Creating META file: D:\Projects\SIMBA-RUNBOOKS\JPMRGDPF_Runbook\output\20260324_124431\JPMRGDPF_META_20260324_124431.xlsx
2026-03-24 12:44:31,432 - file_generator - INFO - META file created: 35 entries
2026-03-24 12:44:31,432 - file_generator - INFO - Creating ZIP file: D:\Projects\SIMBA-RUNBOOKS\JPMRGDPF_Runbook\output\20260324_124431\JPMRGDPF_20260324_124431.zip
2026-03-24 12:44:31,479 - file_generator - INFO - ZIP file created
2026-03-24 12:44:31,505 - file_generator - INFO - Copied files to latest folder
2026-03-24 12:44:31,506 - file_generator - INFO - Saving master data to: D:\Projects\SIMBA-RUNBOOKS\JPMRGDPF_Runbook\Master Data\Master_JPMRGDPF_DATA.xlsx
2026-03-24 12:44:31,506 - file_generator - INFO - Creating DATA file: D:\Projects\SIMBA-RUNBOOKS\JPMRGDPF_Runbook\Master Data\Master_JPMRGDPF_DATA.xlsx
2026-03-24 12:44:31,546 - file_generator - INFO - DATA file created: 3 rows, 35 columns
2026-03-24 12:44:31,546 - file_generator - INFO - Master data saved: 3 rows
2026-03-24 12:44:31,546 - file_generator - INFO - All output files generated successfully
2026-03-24 12:44:31,547 - __main__ - INFO - Pipeline completed successfully
