2026-03-31 08:58:31,348 - logger_setup - INFO - Logging initialized - Level: INFO
2026-03-31 08:58:31,348 - logger_setup - INFO - Log file: D:\Projects\SIMBA-RUNBOOKS\JPMRGDPF_Runbook\logs\20260331_085831\jpmrgdpf_20260331_085831.log
2026-03-31 08:58:31,348 - __main__ - INFO - ==================================================
2026-03-31 08:58:31,349 - __main__ - INFO - STEP 1: Loading input data
2026-03-31 08:58:31,349 - __main__ - INFO - ==================================================
2026-03-31 08:58:31,350 - data_loader - INFO - Found 1 input file(s) in D:\Projects\SIMBA-RUNBOOKS\JPMRGDPF_Runbook\Input
2026-03-31 08:58:31,350 - data_loader - INFO - Loading file: Global Outlook Summary (21).xlsx
2026-03-31 08:58:31,368 - data_loader - INFO - Available sheets: ['Global Outlook Summary']
2026-03-31 08:58:31,368 - data_loader - INFO - Found exact match: "Global Outlook Summary"
2026-03-31 08:58:31,377 - data_loader - INFO - Read 57 rows x None cols from sheet
2026-03-31 08:58:31,377 - data_loader - INFO - Loaded "Global Outlook Summary" from Global Outlook Summary (21).xlsx (57 rows x 1 cols)
2026-03-31 08:58:31,378 - __main__ - INFO - ==================================================
2026-03-31 08:58:31,378 - __main__ - INFO - STEP 2: Parsing data
2026-03-31 08:58:31,378 - __main__ - INFO - ==================================================
2026-03-31 08:58:31,378 - parser - INFO - Parsing data from Global Outlook Summary (21).xlsx
2026-03-31 08:58:31,378 - parser - INFO - Found section header "Real GDP % over year ago" at row 3, col 3
2026-03-31 08:58:31,378 - parser - INFO - Detected 3 year columns: 2025, 2026, 2027
2026-03-31 08:58:31,378 - parser - INFO - Found "Area" label at row 4, col 0
2026-03-31 08:58:31,379 - parser - INFO - Data starts at row 6 (first entry: "United States")
2026-03-31 08:58:31,379 - parser - INFO - Extracted data for 35 countries across 3 years
2026-03-31 08:58:31,381 - parser - INFO - Built DataFrame: 3 rows x 36 cols
2026-03-31 08:58:31,381 - __main__ - INFO - ==================================================
2026-03-31 08:58:31,381 - __main__ - INFO - STEP 3: Comparing with master
2026-03-31 08:58:31,381 - __main__ - INFO - ==================================================
2026-03-31 08:58:31,381 - parser - INFO - Loading master data from D:\Projects\SIMBA-RUNBOOKS\JPMRGDPF_Runbook\Master Data\Master_JPMRGDPF_DATA.xlsx
2026-03-31 08:58:31,390 - parser - INFO - Loaded 3 rows from master data
2026-03-31 08:58:31,407 - __main__ - INFO - ==================================================
2026-03-31 08:58:31,407 - __main__ - INFO - STEP 4: Generating output files
2026-03-31 08:58:31,408 - __main__ - INFO - ==================================================
2026-03-31 08:58:31,408 - parser - INFO - Master rolling window: [2025, 2026, 2027]
2026-03-31 08:58:31,410 - parser - INFO - Master will have 3 rows
2026-03-31 08:58:31,410 - file_generator - INFO - Generating output files
2026-03-31 08:58:31,411 - file_generator - INFO - Creating DATA file: D:\Projects\SIMBA-RUNBOOKS\JPMRGDPF_Runbook\output\20260331_085831\JPMRGDPF_DATA_20260331_085831.xlsx
2026-03-31 08:58:31,446 - file_generator - INFO - DATA file created: 3 rows, 35 columns
2026-03-31 08:58:31,446 - file_generator - INFO - Creating META file: D:\Projects\SIMBA-RUNBOOKS\JPMRGDPF_Runbook\output\20260331_085831\JPMRGDPF_META_20260331_085831.xlsx
2026-03-31 08:58:31,487 - file_generator - INFO - META file created: 35 entries
2026-03-31 08:58:31,488 - file_generator - INFO - Creating ZIP file: D:\Projects\SIMBA-RUNBOOKS\JPMRGDPF_Runbook\output\20260331_085831\JPMRGDPF_20260331_085831.zip
2026-03-31 08:58:31,530 - file_generator - INFO - ZIP file created
2026-03-31 08:58:31,554 - file_generator - INFO - Copied files to latest folder
2026-03-31 08:58:31,554 - file_generator - INFO - Saving master data to: D:\Projects\SIMBA-RUNBOOKS\JPMRGDPF_Runbook\Master Data\Master_JPMRGDPF_DATA.xlsx
2026-03-31 08:58:31,554 - file_generator - INFO - Creating DATA file: D:\Projects\SIMBA-RUNBOOKS\JPMRGDPF_Runbook\Master Data\Master_JPMRGDPF_DATA.xlsx
2026-03-31 08:58:31,583 - file_generator - INFO - DATA file created: 3 rows, 35 columns
2026-03-31 08:58:31,583 - file_generator - INFO - Master data saved: 3 rows
2026-03-31 08:58:31,583 - file_generator - INFO - All output files generated successfully
2026-03-31 08:58:31,583 - __main__ - INFO - No new data detected. Files generated with existing data.
2026-03-31 08:58:31,583 - __main__ - INFO - Pipeline completed successfully
