2026-03-24 12:51:27,568 - logger_setup - INFO - Logging initialized - Level: INFO
2026-03-24 12:51:27,569 - logger_setup - INFO - Log file: D:\Projects\SIMBA-RUNBOOKS\JPMRGDPF_Runbook\logs\20260324_125127\jpmrgdpf_20260324_125127.log
2026-03-24 12:51:27,569 - __main__ - INFO - ==================================================
2026-03-24 12:51:27,569 - __main__ - INFO - STEP 1: Loading input data
2026-03-24 12:51:27,569 - __main__ - INFO - ==================================================
2026-03-24 12:51:27,570 - data_loader - INFO - Found 2 input file(s) in D:\Projects\SIMBA-RUNBOOKS\JPMRGDPF_Runbook\Input
2026-03-24 12:51:27,570 - data_loader - INFO - Loading file: Global Outlook Summary (18).xlsx
2026-03-24 12:51:27,596 - data_loader - INFO - Available sheets: ['Global Outlook Summary', 'Sheet2']
2026-03-24 12:51:27,597 - data_loader - INFO - Found exact match: "Global Outlook Summary"
2026-03-24 12:51:27,610 - data_loader - INFO - Read 57 rows x 19 cols from sheet
2026-03-24 12:51:27,611 - data_loader - INFO - Loaded "Global Outlook Summary" from Global Outlook Summary (18).xlsx (57 rows x 19 cols)
2026-03-24 12:51:27,611 - data_loader - INFO - Loading file: Global Outlook Summary (15).xlsx
2026-03-24 12:51:27,624 - data_loader - INFO - Available sheets: ['Global Outlook Summary', 'Sheet2']
2026-03-24 12:51:27,624 - data_loader - INFO - Found exact match: "Global Outlook Summary"
2026-03-24 12:51:27,640 - data_loader - INFO - Read 57 rows x 19 cols from sheet
2026-03-24 12:51:27,641 - data_loader - INFO - Loaded "Global Outlook Summary" from Global Outlook Summary (15).xlsx (57 rows x 19 cols)
2026-03-24 12:51:27,641 - __main__ - INFO - ==================================================
2026-03-24 12:51:27,641 - __main__ - INFO - STEP 2: Parsing data
2026-03-24 12:51:27,641 - __main__ - INFO - ==================================================
2026-03-24 12:51:27,642 - parser - INFO - Parsing data from Global Outlook Summary (18).xlsx
2026-03-24 12:51:27,642 - parser - INFO - Found section header "Real GDP % over year ago" at row 3, col 3
2026-03-24 12:51:27,642 - parser - INFO - Detected 3 year columns: 2026, 2027, 2028
2026-03-24 12:51:27,642 - parser - INFO - Found "Area" label at row 4, col 0
2026-03-24 12:51:27,643 - parser - INFO - Data starts at row 6 (first entry: "United States")
2026-03-24 12:51:27,643 - parser - INFO - Extracted data for 35 countries across 3 years
2026-03-24 12:51:27,644 - parser - INFO - Built DataFrame: 3 rows x 36 cols
2026-03-24 12:51:27,645 - __main__ - INFO - ==================================================
2026-03-24 12:51:27,645 - __main__ - INFO - STEP 3: Comparing with master
2026-03-24 12:51:27,645 - __main__ - INFO - ==================================================
2026-03-24 12:51:27,645 - parser - INFO - Loading master data from D:\Projects\SIMBA-RUNBOOKS\JPMRGDPF_Runbook\Master Data\Master_JPMRGDPF_DATA.xlsx
2026-03-24 12:51:27,656 - parser - INFO - Loaded 3 rows from master data
2026-03-24 12:51:27,662 - __main__ - INFO - New years detected: [2028]
2026-03-24 12:51:27,662 - __main__ - INFO - Updated years: [2026, 2027]
2026-03-24 12:51:27,662 - __main__ - INFO - ==================================================
2026-03-24 12:51:27,662 - __main__ - INFO - STEP 4: Generating output files
2026-03-24 12:51:27,662 - __main__ - INFO - ==================================================
2026-03-24 12:51:27,663 - parser - INFO - Dropping old years no longer in input: [2025]
2026-03-24 12:51:27,663 - parser - INFO - Master rolling window: [2026, 2027, 2028]
2026-03-24 12:51:27,663 - parser - INFO - Master will have 3 rows
2026-03-24 12:51:27,664 - file_generator - INFO - Generating output files
2026-03-24 12:51:27,665 - file_generator - INFO - Creating DATA file: D:\Projects\SIMBA-RUNBOOKS\JPMRGDPF_Runbook\output\20260324_125127\JPMRGDPF_DATA_20260324_125127.xlsx
2026-03-24 12:51:27,701 - file_generator - INFO - DATA file created: 3 rows, 35 columns
2026-03-24 12:51:27,701 - file_generator - INFO - Creating META file: D:\Projects\SIMBA-RUNBOOKS\JPMRGDPF_Runbook\output\20260324_125127\JPMRGDPF_META_20260324_125127.xlsx
2026-03-24 12:51:27,727 - file_generator - INFO - META file created: 35 entries
2026-03-24 12:51:27,727 - file_generator - INFO - Creating ZIP file: D:\Projects\SIMBA-RUNBOOKS\JPMRGDPF_Runbook\output\20260324_125127\JPMRGDPF_20260324_125127.zip
2026-03-24 12:51:27,754 - file_generator - INFO - ZIP file created
2026-03-24 12:51:27,773 - file_generator - INFO - Copied files to latest folder
2026-03-24 12:51:27,773 - file_generator - INFO - Saving master data to: D:\Projects\SIMBA-RUNBOOKS\JPMRGDPF_Runbook\Master Data\Master_JPMRGDPF_DATA.xlsx
2026-03-24 12:51:27,773 - file_generator - INFO - Creating DATA file: D:\Projects\SIMBA-RUNBOOKS\JPMRGDPF_Runbook\Master Data\Master_JPMRGDPF_DATA.xlsx
2026-03-24 12:51:27,796 - file_generator - INFO - DATA file created: 3 rows, 35 columns
2026-03-24 12:51:27,797 - file_generator - INFO - Master data saved: 3 rows
2026-03-24 12:51:27,797 - file_generator - INFO - All output files generated successfully
2026-03-24 12:51:27,797 - __main__ - INFO - Pipeline completed successfully
