2026-03-24 12:43:42,311 - logger_setup - INFO - Logging initialized - Level: INFO
2026-03-24 12:43:42,311 - logger_setup - INFO - Log file: D:\Projects\SIMBA-RUNBOOKS\JPMRGDPF_Runbook\logs\20260324_124342\jpmrgdpf_20260324_124342.log
2026-03-24 12:43:42,311 - __main__ - INFO - ==================================================
2026-03-24 12:43:42,312 - __main__ - INFO - STEP 1: Loading input data
2026-03-24 12:43:42,312 - __main__ - INFO - ==================================================
2026-03-24 12:43:42,313 - data_loader - INFO - Found 2 input file(s) in D:\Projects\SIMBA-RUNBOOKS\JPMRGDPF_Runbook\Input
2026-03-24 12:43:42,314 - data_loader - INFO - Loading file: Global Outlook Summary (17).xlsx
2026-03-24 12:43:42,340 - data_loader - INFO - Available sheets: ['Global Outlook Summary', 'Sheet2']
2026-03-24 12:43:42,341 - data_loader - INFO - Found exact match: "Global Outlook Summary"
2026-03-24 12:43:42,356 - data_loader - INFO - Read 57 rows x 19 cols from sheet
2026-03-24 12:43:42,356 - data_loader - INFO - Loaded "Global Outlook Summary" from Global Outlook Summary (17).xlsx (57 rows x 19 cols)
2026-03-24 12:43:42,356 - data_loader - INFO - Loading file: Global Outlook Summary (15).xlsx
2026-03-24 12:43:42,374 - data_loader - INFO - Available sheets: ['Global Outlook Summary', 'Sheet2']
2026-03-24 12:43:42,374 - data_loader - INFO - Found exact match: "Global Outlook Summary"
2026-03-24 12:43:42,387 - data_loader - INFO - Read 57 rows x 19 cols from sheet
2026-03-24 12:43:42,388 - data_loader - INFO - Loaded "Global Outlook Summary" from Global Outlook Summary (15).xlsx (57 rows x 19 cols)
2026-03-24 12:43:42,388 - __main__ - INFO - ==================================================
2026-03-24 12:43:42,388 - __main__ - INFO - STEP 2: Parsing data
2026-03-24 12:43:42,388 - __main__ - INFO - ==================================================
2026-03-24 12:43:42,389 - parser - INFO - Parsing data from Global Outlook Summary (17).xlsx
2026-03-24 12:43:42,389 - parser - INFO - Found section header "Real GDP % over year ago" at row 3, col 3
2026-03-24 12:43:42,389 - parser - INFO - Detected 3 year columns: 2026, 2027, 2028
2026-03-24 12:43:42,390 - parser - INFO - Found "Area" label at row 4, col 0
2026-03-24 12:43:42,390 - parser - INFO - Data starts at row 6 (first entry: "United States")
2026-03-24 12:43:42,391 - parser - INFO - Extracted data for 35 countries across 3 years
2026-03-24 12:43:42,393 - parser - INFO - Built DataFrame: 3 rows x 36 cols
2026-03-24 12:43:42,393 - __main__ - INFO - ==================================================
2026-03-24 12:43:42,394 - __main__ - INFO - STEP 3: Comparing with master
2026-03-24 12:43:42,394 - __main__ - INFO - ==================================================
2026-03-24 12:43:42,394 - parser - INFO - Loading master data from D:\Projects\SIMBA-RUNBOOKS\JPMRGDPF_Runbook\Master Data\Master_JPMRGDPF_DATA.xlsx
2026-03-24 12:43:42,406 - parser - INFO - Loaded 3 rows from master data
2026-03-24 12:43:42,410 - __main__ - INFO - New years detected: [2028]
2026-03-24 12:43:42,410 - __main__ - INFO - Updated years: [2026, 2027]
2026-03-24 12:43:42,410 - __main__ - INFO - ==================================================
2026-03-24 12:43:42,410 - __main__ - INFO - STEP 4: Generating output files
2026-03-24 12:43:42,411 - __main__ - INFO - ==================================================
2026-03-24 12:43:42,418 - parser - INFO - Merged data has 4 rows
2026-03-24 12:43:42,419 - file_generator - INFO - Generating output files
2026-03-24 12:43:42,421 - file_generator - INFO - Creating DATA file: D:\Projects\SIMBA-RUNBOOKS\JPMRGDPF_Runbook\output\20260324_124342\JPMRGDPF_DATA_20260324_124342.xlsx
2026-03-24 12:43:42,467 - file_generator - INFO - DATA file created: 4 rows, 35 columns
2026-03-24 12:43:42,467 - file_generator - INFO - Creating META file: D:\Projects\SIMBA-RUNBOOKS\JPMRGDPF_Runbook\output\20260324_124342\JPMRGDPF_META_20260324_124342.xlsx
2026-03-24 12:43:42,504 - file_generator - INFO - META file created: 35 entries
2026-03-24 12:43:42,504 - file_generator - INFO - Creating ZIP file: D:\Projects\SIMBA-RUNBOOKS\JPMRGDPF_Runbook\output\20260324_124342\JPMRGDPF_20260324_124342.zip
2026-03-24 12:43:42,537 - file_generator - INFO - ZIP file created
2026-03-24 12:43:42,557 - file_generator - INFO - Copied files to latest folder
2026-03-24 12:43:42,558 - file_generator - INFO - Saving master data to: D:\Projects\SIMBA-RUNBOOKS\JPMRGDPF_Runbook\Master Data\Master_JPMRGDPF_DATA.xlsx
2026-03-24 12:43:42,558 - file_generator - INFO - Creating DATA file: D:\Projects\SIMBA-RUNBOOKS\JPMRGDPF_Runbook\Master Data\Master_JPMRGDPF_DATA.xlsx
2026-03-24 12:43:42,590 - file_generator - INFO - DATA file created: 4 rows, 35 columns
2026-03-24 12:43:42,590 - file_generator - INFO - Master data saved: 4 rows
2026-03-24 12:43:42,590 - file_generator - INFO - All output files generated successfully
2026-03-24 12:43:42,591 - __main__ - INFO - Pipeline completed successfully
