2026-04-08 09:49:49,197 - logger_setup - INFO - Logging initialized - Level: INFO
2026-04-08 09:49:49,203 - logger_setup - INFO - Log file: D:\Projects\SIMBA-RUNBOOKS\JPMRGDPF_Runbook\logs\20260408_094949\jpmrgdpf_20260408_094949.log
2026-04-08 09:49:49,204 - __main__ - INFO - ==================================================
2026-04-08 09:49:49,205 - __main__ - INFO - STEP 1: Loading input data
2026-04-08 09:49:49,205 - __main__ - INFO - ==================================================
2026-04-08 09:49:49,206 - data_loader - INFO - Found 1 input file(s) in D:\Projects\SIMBA-RUNBOOKS\JPMRGDPF_Runbook\Input
2026-04-08 09:49:49,207 - data_loader - INFO - Loading file: Global Outlook Summary (26).xlsx
2026-04-08 09:49:49,263 - data_loader - INFO - Available sheets: ['Global Outlook Summary']
2026-04-08 09:49:49,269 - data_loader - INFO - Found exact match: "Global Outlook Summary"
2026-04-08 09:49:49,303 - data_loader - INFO - Read 57 rows x None cols from sheet
2026-04-08 09:49:49,310 - data_loader - INFO - Loaded "Global Outlook Summary" from Global Outlook Summary (26).xlsx (57 rows x 1 cols)
2026-04-08 09:49:49,322 - __main__ - INFO - ==================================================
2026-04-08 09:49:49,323 - __main__ - INFO - STEP 2: Parsing data
2026-04-08 09:49:49,323 - __main__ - INFO - ==================================================
2026-04-08 09:49:49,334 - parser - INFO - Parsing data from Global Outlook Summary (26).xlsx
2026-04-08 09:49:49,335 - parser - INFO - Found section header "Real GDP % over year ago" at row 3, col 3
2026-04-08 09:49:49,336 - parser - INFO - Detected 3 year columns: 2025, 2026, 2027
2026-04-08 09:49:49,337 - parser - INFO - Found "Area" label at row 4, col 0
2026-04-08 09:49:49,338 - parser - INFO - Data starts at row 6 (first entry: "United States")
2026-04-08 09:49:49,347 - parser - INFO - Extracted data for 35 countries across 3 years
2026-04-08 09:49:49,389 - parser - INFO - Built DataFrame: 3 rows x 36 cols
2026-04-08 09:49:49,400 - __main__ - INFO - ==================================================
2026-04-08 09:49:49,401 - __main__ - INFO - STEP 3: Comparing with master
2026-04-08 09:49:49,401 - __main__ - INFO - ==================================================
2026-04-08 09:49:49,402 - parser - INFO - Loading master data from D:\Projects\SIMBA-RUNBOOKS\JPMRGDPF_Runbook\Master Data\Master_JPMRGDPF_DATA.xlsx
2026-04-08 09:49:49,452 - parser - INFO - Loaded 3 rows from master data
2026-04-08 09:49:49,505 - __main__ - INFO - Updated years: [2026, 2027]
2026-04-08 09:49:49,515 - __main__ - INFO - ==================================================
2026-04-08 09:49:49,516 - __main__ - INFO - STEP 4: Generating output files
2026-04-08 09:49:49,518 - __main__ - INFO - ==================================================
2026-04-08 09:49:49,519 - parser - INFO - Master rolling window: [2025, 2026, 2027]
2026-04-08 09:49:49,522 - parser - INFO - Master will have 3 rows
2026-04-08 09:49:49,523 - file_generator - INFO - Generating output files
2026-04-08 09:49:49,537 - file_generator - INFO - Creating DATA file: D:\Projects\SIMBA-RUNBOOKS\JPMRGDPF_Runbook\output\20260408_094949\JPMRGDPF_DATA_20260408_094949.xlsx
2026-04-08 09:49:49,593 - file_generator - INFO - DATA file created: 3 rows, 35 columns
2026-04-08 09:49:49,603 - file_generator - INFO - Creating META file: D:\Projects\SIMBA-RUNBOOKS\JPMRGDPF_Runbook\output\20260408_094949\JPMRGDPF_META_20260408_094949.xlsx
2026-04-08 09:49:49,651 - file_generator - INFO - META file created: 35 entries
2026-04-08 09:49:49,653 - file_generator - INFO - Creating ZIP file: D:\Projects\SIMBA-RUNBOOKS\JPMRGDPF_Runbook\output\20260408_094949\JPMRGDPF_20260408_094949.zip
2026-04-08 09:49:49,702 - file_generator - INFO - ZIP file created
2026-04-08 09:49:49,732 - file_generator - INFO - Copied files to latest folder
2026-04-08 09:49:49,733 - file_generator - INFO - Saving master data to: D:\Projects\SIMBA-RUNBOOKS\JPMRGDPF_Runbook\Master Data\Master_JPMRGDPF_DATA.xlsx
2026-04-08 09:49:49,735 - file_generator - INFO - Creating DATA file: D:\Projects\SIMBA-RUNBOOKS\JPMRGDPF_Runbook\Master Data\Master_JPMRGDPF_DATA.xlsx
2026-04-08 09:49:49,774 - file_generator - INFO - DATA file created: 3 rows, 35 columns
2026-04-08 09:49:49,779 - file_generator - INFO - Master data saved: 3 rows
2026-04-08 09:49:49,784 - file_generator - INFO - All output files generated successfully
2026-04-08 09:49:49,819 - __main__ - INFO - Pipeline completed successfully
