2026-04-03 09:57:55,627 - logger_setup - INFO - Logging initialized - Level: INFO
2026-04-03 09:57:55,627 - logger_setup - INFO - Log file: D:\Projects\SIMBA-RUNBOOKS\JPMRGDPF_Runbook\logs\20260403_095755\jpmrgdpf_20260403_095755.log
2026-04-03 09:57:55,628 - __main__ - INFO - ==================================================
2026-04-03 09:57:55,629 - __main__ - INFO - STEP 1: Loading input data
2026-04-03 09:57:55,629 - __main__ - INFO - ==================================================
2026-04-03 09:57:55,630 - data_loader - INFO - Found 1 input file(s) in D:\Projects\SIMBA-RUNBOOKS\JPMRGDPF_Runbook\Input
2026-04-03 09:57:55,631 - data_loader - INFO - Loading file: Global Outlook Summary (25).xlsx
2026-04-03 09:57:55,692 - data_loader - INFO - Available sheets: ['Global Outlook Summary']
2026-04-03 09:57:55,693 - data_loader - INFO - Found exact match: "Global Outlook Summary"
2026-04-03 09:57:55,700 - data_loader - INFO - Read 57 rows x None cols from sheet
2026-04-03 09:57:55,701 - data_loader - INFO - Loaded "Global Outlook Summary" from Global Outlook Summary (25).xlsx (57 rows x 1 cols)
2026-04-03 09:57:55,704 - __main__ - INFO - ==================================================
2026-04-03 09:57:55,705 - __main__ - INFO - STEP 2: Parsing data
2026-04-03 09:57:55,706 - __main__ - INFO - ==================================================
2026-04-03 09:57:55,706 - parser - INFO - Parsing data from Global Outlook Summary (25).xlsx
2026-04-03 09:57:55,707 - parser - INFO - Found section header "Real GDP % over year ago" at row 3, col 3
2026-04-03 09:57:55,709 - parser - INFO - Detected 3 year columns: 2025, 2026, 2027
2026-04-03 09:57:55,709 - parser - INFO - Found "Area" label at row 4, col 0
2026-04-03 09:57:55,710 - parser - INFO - Data starts at row 6 (first entry: "United States")
2026-04-03 09:57:55,714 - parser - INFO - Extracted data for 35 countries across 3 years
2026-04-03 09:57:55,725 - parser - INFO - Built DataFrame: 3 rows x 36 cols
2026-04-03 09:57:55,728 - __main__ - INFO - ==================================================
2026-04-03 09:57:55,729 - __main__ - INFO - STEP 3: Comparing with master
2026-04-03 09:57:55,747 - __main__ - INFO - ==================================================
2026-04-03 09:57:55,748 - parser - INFO - Loading master data from D:\Projects\SIMBA-RUNBOOKS\JPMRGDPF_Runbook\Master Data\Master_JPMRGDPF_DATA.xlsx
2026-04-03 09:57:55,805 - parser - INFO - Loaded 3 rows from master data
2026-04-03 09:57:55,825 - __main__ - INFO - Updated years: [2026, 2027]
2026-04-03 09:57:55,826 - __main__ - INFO - ==================================================
2026-04-03 09:57:55,826 - __main__ - INFO - STEP 4: Generating output files
2026-04-03 09:57:55,826 - __main__ - INFO - ==================================================
2026-04-03 09:57:55,827 - parser - INFO - Master rolling window: [2025, 2026, 2027]
2026-04-03 09:57:55,844 - parser - INFO - Master will have 3 rows
2026-04-03 09:57:55,844 - file_generator - INFO - Generating output files
2026-04-03 09:57:55,846 - file_generator - INFO - Creating DATA file: D:\Projects\SIMBA-RUNBOOKS\JPMRGDPF_Runbook\output\20260403_095755\JPMRGDPF_DATA_20260403_095755.xlsx
2026-04-03 09:57:55,908 - file_generator - INFO - DATA file created: 3 rows, 35 columns
2026-04-03 09:57:55,909 - file_generator - INFO - Creating META file: D:\Projects\SIMBA-RUNBOOKS\JPMRGDPF_Runbook\output\20260403_095755\JPMRGDPF_META_20260403_095755.xlsx
2026-04-03 09:57:55,953 - file_generator - INFO - META file created: 35 entries
2026-04-03 09:57:55,953 - file_generator - INFO - Creating ZIP file: D:\Projects\SIMBA-RUNBOOKS\JPMRGDPF_Runbook\output\20260403_095755\JPMRGDPF_20260403_095755.zip
2026-04-03 09:57:55,995 - file_generator - INFO - ZIP file created
2026-04-03 09:57:56,007 - file_generator - INFO - Copied files to latest folder
2026-04-03 09:57:56,008 - file_generator - INFO - Saving master data to: D:\Projects\SIMBA-RUNBOOKS\JPMRGDPF_Runbook\Master Data\Master_JPMRGDPF_DATA.xlsx
2026-04-03 09:57:56,009 - file_generator - INFO - Creating DATA file: D:\Projects\SIMBA-RUNBOOKS\JPMRGDPF_Runbook\Master Data\Master_JPMRGDPF_DATA.xlsx
2026-04-03 09:57:56,051 - file_generator - INFO - DATA file created: 3 rows, 35 columns
2026-04-03 09:57:56,052 - file_generator - INFO - Master data saved: 3 rows
2026-04-03 09:57:56,052 - file_generator - INFO - All output files generated successfully
2026-04-03 09:57:56,055 - __main__ - INFO - Pipeline completed successfully
