2026-03-26 09:13:54,245 - logger_setup - INFO - Logging initialized - Level: INFO
2026-03-26 09:13:54,260 - logger_setup - INFO - Log file: D:\Projects\SIMBA-RUNBOOKS\JPMRGDPF_Runbook\logs\20260326_091354\jpmrgdpf_20260326_091354.log
2026-03-26 09:13:54,267 - __main__ - INFO - ==================================================
2026-03-26 09:13:54,267 - __main__ - INFO - STEP 1: Loading input data
2026-03-26 09:13:54,275 - __main__ - INFO - ==================================================
2026-03-26 09:13:54,280 - data_loader - INFO - Found 1 input file(s) in D:\Projects\SIMBA-RUNBOOKS\JPMRGDPF_Runbook\Input
2026-03-26 09:13:54,348 - data_loader - INFO - Loading file: Global Outlook Summary (18).xlsx
2026-03-26 09:13:54,429 - data_loader - INFO - Available sheets: ['Global Outlook Summary']
2026-03-26 09:13:54,439 - data_loader - INFO - Found exact match: "Global Outlook Summary"
2026-03-26 09:13:54,530 - data_loader - INFO - Read 57 rows x None cols from sheet
2026-03-26 09:13:54,531 - data_loader - INFO - Loaded "Global Outlook Summary" from Global Outlook Summary (18).xlsx (57 rows x 1 cols)
2026-03-26 09:13:54,665 - __main__ - INFO - ==================================================
2026-03-26 09:13:54,668 - __main__ - INFO - STEP 2: Parsing data
2026-03-26 09:13:54,702 - __main__ - INFO - ==================================================
2026-03-26 09:13:54,742 - parser - INFO - Parsing data from Global Outlook Summary (18).xlsx
2026-03-26 09:13:54,751 - parser - INFO - Found section header "Real GDP % over year ago" at row 3, col 3
2026-03-26 09:13:54,752 - parser - INFO - Detected 3 year columns: 2025, 2026, 2027
2026-03-26 09:13:54,768 - parser - INFO - Found "Area" label at row 4, col 0
2026-03-26 09:13:54,780 - parser - INFO - Data starts at row 6 (first entry: "United States")
2026-03-26 09:13:54,800 - parser - INFO - Extracted data for 35 countries across 3 years
2026-03-26 09:13:54,816 - parser - INFO - Built DataFrame: 3 rows x 36 cols
2026-03-26 09:13:54,852 - __main__ - INFO - ==================================================
2026-03-26 09:13:54,869 - __main__ - INFO - STEP 3: Comparing with master
2026-03-26 09:13:54,884 - __main__ - INFO - ==================================================
2026-03-26 09:13:54,897 - parser - INFO - Loading master data from D:\Projects\SIMBA-RUNBOOKS\JPMRGDPF_Runbook\Master Data\Master_JPMRGDPF_DATA.xlsx
2026-03-26 09:13:55,038 - parser - INFO - Loaded 3 rows from master data
2026-03-26 09:13:55,250 - __main__ - INFO - Updated years: [2026, 2027]
2026-03-26 09:13:55,252 - __main__ - INFO - ==================================================
2026-03-26 09:13:55,258 - __main__ - INFO - STEP 4: Generating output files
2026-03-26 09:13:55,265 - __main__ - INFO - ==================================================
2026-03-26 09:13:55,267 - parser - INFO - Master rolling window: [2025, 2026, 2027]
2026-03-26 09:13:55,281 - parser - INFO - Master will have 3 rows
2026-03-26 09:13:55,296 - file_generator - INFO - Generating output files
2026-03-26 09:13:55,298 - file_generator - INFO - Creating DATA file: D:\Projects\SIMBA-RUNBOOKS\JPMRGDPF_Runbook\output\20260326_091354\JPMRGDPF_DATA_20260326_091354.xlsx
2026-03-26 09:13:55,365 - file_generator - INFO - DATA file created: 3 rows, 35 columns
2026-03-26 09:13:55,382 - file_generator - INFO - Creating META file: D:\Projects\SIMBA-RUNBOOKS\JPMRGDPF_Runbook\output\20260326_091354\JPMRGDPF_META_20260326_091354.xlsx
2026-03-26 09:13:55,509 - file_generator - INFO - META file created: 35 entries
2026-03-26 09:13:55,518 - file_generator - INFO - Creating ZIP file: D:\Projects\SIMBA-RUNBOOKS\JPMRGDPF_Runbook\output\20260326_091354\JPMRGDPF_20260326_091354.zip
2026-03-26 09:13:55,580 - file_generator - INFO - ZIP file created
2026-03-26 09:13:55,617 - file_generator - INFO - Copied files to latest folder
2026-03-26 09:13:55,633 - file_generator - INFO - Saving master data to: D:\Projects\SIMBA-RUNBOOKS\JPMRGDPF_Runbook\Master Data\Master_JPMRGDPF_DATA.xlsx
2026-03-26 09:13:55,650 - file_generator - INFO - Creating DATA file: D:\Projects\SIMBA-RUNBOOKS\JPMRGDPF_Runbook\Master Data\Master_JPMRGDPF_DATA.xlsx
2026-03-26 09:13:55,728 - file_generator - INFO - DATA file created: 3 rows, 35 columns
2026-03-26 09:13:55,742 - file_generator - INFO - Master data saved: 3 rows
2026-03-26 09:13:55,748 - file_generator - INFO - All output files generated successfully
2026-03-26 09:13:55,984 - __main__ - INFO - Pipeline completed successfully
