2026-03-31 08:44:59,867 - logger_setup - INFO - Logging initialized - Level: INFO
2026-03-31 08:44:59,868 - logger_setup - INFO - Log file: D:\Projects\SIMBA-RUNBOOKS\JPMRGDPF_Runbook\logs\20260331_084459\jpmrgdpf_20260331_084459.log
2026-03-31 08:44:59,869 - __main__ - INFO - ==================================================
2026-03-31 08:44:59,870 - __main__ - INFO - STEP 1: Loading input data
2026-03-31 08:44:59,870 - __main__ - INFO - ==================================================
2026-03-31 08:44:59,872 - data_loader - INFO - Found 1 input file(s) in D:\Projects\SIMBA-RUNBOOKS\JPMRGDPF_Runbook\Input
2026-03-31 08:44:59,872 - data_loader - INFO - Loading file: Global Outlook Summary (21).xlsx
2026-03-31 08:44:59,941 - data_loader - INFO - Available sheets: ['Global Outlook Summary']
2026-03-31 08:44:59,942 - data_loader - INFO - Found exact match: "Global Outlook Summary"
2026-03-31 08:44:59,958 - data_loader - INFO - Read 57 rows x None cols from sheet
2026-03-31 08:44:59,959 - data_loader - INFO - Loaded "Global Outlook Summary" from Global Outlook Summary (21).xlsx (57 rows x 1 cols)
2026-03-31 08:44:59,960 - __main__ - INFO - ==================================================
2026-03-31 08:44:59,961 - __main__ - INFO - STEP 2: Parsing data
2026-03-31 08:44:59,961 - __main__ - INFO - ==================================================
2026-03-31 08:44:59,961 - parser - INFO - Parsing data from Global Outlook Summary (21).xlsx
2026-03-31 08:44:59,961 - parser - INFO - Found section header "Real GDP % over year ago" at row 3, col 3
2026-03-31 08:44:59,962 - parser - INFO - Detected 3 year columns: 2025, 2026, 2027
2026-03-31 08:44:59,962 - parser - INFO - Found "Area" label at row 4, col 0
2026-03-31 08:44:59,962 - parser - INFO - Data starts at row 6 (first entry: "United States")
2026-03-31 08:44:59,965 - parser - INFO - Extracted data for 35 countries across 3 years
2026-03-31 08:44:59,977 - parser - INFO - Built DataFrame: 3 rows x 36 cols
2026-03-31 08:44:59,981 - __main__ - INFO - ==================================================
2026-03-31 08:44:59,981 - __main__ - INFO - STEP 3: Comparing with master
2026-03-31 08:44:59,984 - __main__ - INFO - ==================================================
2026-03-31 08:44:59,986 - parser - INFO - Loading master data from D:\Projects\SIMBA-RUNBOOKS\JPMRGDPF_Runbook\Master Data\Master_JPMRGDPF_DATA.xlsx
2026-03-31 08:45:00,032 - parser - INFO - Loaded 3 rows from master data
2026-03-31 08:45:00,073 - __main__ - INFO - No new data detected. Skipping file generation.
